#
# There is insufficient memory for the Java Runtime Environment to continue.
# Native memory allocation (mmap) failed to map 125829120 bytes for G1 virtual space
# Possible reasons:
#   The system is out of physical RAM or swap space
#   The process is running with CompressedOops enabled, and the Java Heap may be blocking the growth of the native heap
# Possible solutions:
#   Reduce memory load on the system
#   Increase physical memory or swap space
#   Check if swap backing store is full
#   Decrease Java heap size (-Xmx/-Xms)
#   Decrease number of Java threads
#   Decrease Java thread stack sizes (-Xss)
#   Set larger code cache with -XX:ReservedCodeCacheSize=
#   JVM is running with Unscaled Compressed Oops mode in which the Java heap is
#     placed in the first 4GB address space. The Java Heap base address is the
#     maximum limit for the native heap growth. Please use -XX:HeapBaseMinAddress
#     to set the Java Heap base and to place the Java Heap above 4GB virtual address.
# This output file may be truncated or incomplete.
#
#  Out of Memory Error (os_windows.cpp:3528), pid=6424, tid=11824
#
# JRE version:  (20.0.2+9) (build )
# Java VM: Java HotSpot(TM) 64-Bit Server VM (20.0.2+9-78, mixed mode, sharing, tiered, compressed oops, compressed class ptrs, g1 gc, windows-amd64)
# No core dump will be written. Minidumps are not enabled by default on client versions of Windows
#

---------------  S U M M A R Y ------------

Command Line: -javaagent:C:\Program Files\JetBrains\IntelliJ IDEA Community Edition 2023.2.1\lib\idea_rt.jar=50468:C:\Program Files\JetBrains\IntelliJ IDEA Community Edition 2023.2.1\bin -Dfile.encoding=UTF-8 -Dsun.stdout.encoding=UTF-8 -Dsun.stderr.encoding=UTF-8 H10_work_01

Host: AMD Ryzen 7 5700U with Radeon Graphics         , 16 cores, 7G,  Windows 11 , 64 bit Build 22621 (10.0.22621.2483)
Time: Sat Nov  4 14:50:30 2023 Bangladesh Standard Time elapsed time: 0.017675 seconds (0d 0h 0m 0s)

---------------  T H R E A D  ---------------

Current thread (0x0000018d4dff6960):  JavaThread "Unknown thread" [_thread_in_vm, id=11824, stack(0x0000006e6cd00000,0x0000006e6ce00000)]

Stack: [0x0000006e6cd00000,0x0000006e6ce00000]
Native frames: (J=compiled Java code, j=interpreted, Vv=VM code, C=native code)
V  [jvm.dll+0x6bc25a]
V  [jvm.dll+0x84971a]
V  [jvm.dll+0x84b315]
V  [jvm.dll+0x84ba13]
V  [jvm.dll+0x280e4f]
V  [jvm.dll+0x6b8fe9]
V  [jvm.dll+0x6adbca]
V  [jvm.dll+0x35b165]
V  [jvm.dll+0x363386]
V  [jvm.dll+0x3b400e]
V  [jvm.dll+0x3b4295]
V  [jvm.dll+0x32b86a]
V  [jvm.dll+0x32c68b]
V  [jvm.dll+0x8123df]
V  [jvm.dll+0x3c1261]
V  [jvm.dll+0x7fe103]
V  [jvm.dll+0x44ccaf]
V  [jvm.dll+0x44e621]
C  [jli.dll+0x5287]
C  [ucrtbase.dll+0x29363]
C  [KERNEL32.DLL+0x1257d]
C  [ntdll.dll+0x5aa58]


---------------  P R O C E S S  ---------------

Threads class SMR info:
_java_thread_list=0x00007ffbb0e0b118, length=0, elements={
}

Java Threads: ( => current thread )

Other Threads:
  0x0000018d4e056200 WorkerThread "GC Thread#0" [stack: 0x0000006e6ce00000,0x0000006e6cf00000] [id=13280]
  0x0000018d4e065ca0 ConcurrentGCThread "G1 Main Marker" [stack: 0x0000006e6cf00000,0x0000006e6d000000] [id=9004]
  0x0000018d4e066780 WorkerThread "G1 Conc#0" [stack: 0x0000006e6d000000,0x0000006e6d100000] [id=11820]

[error occurred during error reporting (printing all threads), id 0xc0000005, EXCEPTION_ACCESS_VIOLATION (0xc0000005) at pc=0x00007ffbb05eeea7]
VM state: not at safepoint (not fully initialized)

VM Mutex/Monitor currently owned by a thread:  ([mutex/lock_event])
[0x0000018d4dff39b0] Heap_lock - owner thread: 0x0000018d4dff6960

Heap address: 0x0000000089c00000, size: 1892 MB, Compressed Oops mode: 32-bit

CDS archive(s) mapped at: [0x0000000000000000-0x0000000000000000-0x0000000000000000), size 0, SharedBaseAddress: 0x0000000800000000, ArchiveRelocationMode: 1.
Narrow klass base: 0x0000000000000000, Narrow klass shift: 0, Narrow klass range: 0x0

GC Precious Log:
 CardTable entry size: 512
 Card Set container configuration: InlinePtr #cards 5 size 8 Array Of Cards #cards 12 size 40 Howl #buckets 4 coarsen threshold 1843 Howl Bitmap #cards 512 size 80 coarsen threshold 460 Card regions per heap region 1 cards per card region 2048

Heap:
 garbage-first heap   total 0K, used 0K [0x0000000089c00000, 0x0000000100000000)
  region size 1024K, 0 young (0K), 0 survivors (0K)

[error occurred during error reporting (printing heap information), id 0xc0000005, EXCEPTION_ACCESS_VIOLATION (0xc0000005) at pc=0x00007ffbb09c47b9]
GC Heap History (0 events):
No events

Dll operation events (1 events):
Event: 0.008 Loaded shared library C:\Program Files\Java\jdk-20\bin\java.dll

Deoptimization events (0 events):
No events

Classes loaded (0 events):
No events

Classes unloaded (0 events):
No events

Classes redefined (0 events):
No events

Internal exceptions (0 events):
No events

VM Operations (0 events):
No events

Events (0 events):
No events


Dynamic libraries:
0x00007ff757bd0000 - 0x00007ff757be0000 	C:\Program Files\Java\jdk-20\bin\java.exe
0x00007ffbf4910000 - 0x00007ffbf4b27000 	C:\WINDOWS\SYSTEM32\ntdll.dll
0x00007ffbf3e70000 - 0x00007ffbf3f34000 	C:\WINDOWS\System32\KERNEL32.DLL
0x00007ffbf1f90000 - 0x00007ffbf2337000 	C:\WINDOWS\System32\KERNELBASE.dll
0x00007ffbf2340000 - 0x00007ffbf2451000 	C:\WINDOWS\System32\ucrtbase.dll
0x00007ffbed900000 - 0x00007ffbed919000 	C:\Program Files\Java\jdk-20\bin\jli.dll
0x00007ffbed920000 - 0x00007ffbed93b000 	C:\Program Files\Java\jdk-20\bin\VCRUNTIME140.dll
0x00007ffbf4820000 - 0x00007ffbf48d0000 	C:\WINDOWS\System32\ADVAPI32.dll
0x00007ffbf3320000 - 0x00007ffbf33c7000 	C:\WINDOWS\System32\msvcrt.dll
0x00007ffbf2ae0000 - 0x00007ffbf2b86000 	C:\WINDOWS\System32\sechost.dll
0x00007ffbf3200000 - 0x00007ffbf3317000 	C:\WINDOWS\System32\RPCRT4.dll
0x00007ffbf4410000 - 0x00007ffbf45be000 	C:\WINDOWS\System32\USER32.dll
0x00007ffbf2460000 - 0x00007ffbf2486000 	C:\WINDOWS\System32\win32u.dll
0x00007ffbf3010000 - 0x00007ffbf3039000 	C:\WINDOWS\System32\GDI32.dll
0x00007ffbe1040000 - 0x00007ffbe12d3000 	C:\WINDOWS\WinSxS\amd64_microsoft.windows.common-controls_6595b64144ccf1df_6.0.22621.2483_none_2714a1b573815e84\COMCTL32.dll
0x00007ffbf1e70000 - 0x00007ffbf1f89000 	C:\WINDOWS\System32\gdi32full.dll
0x00007ffbf1c90000 - 0x00007ffbf1d2a000 	C:\WINDOWS\System32\msvcp_win.dll
0x00007ffbe9ef0000 - 0x00007ffbe9efa000 	C:\WINDOWS\SYSTEM32\VERSION.dll
0x00007ffbf4170000 - 0x00007ffbf41a1000 	C:\WINDOWS\System32\IMM32.DLL
0x00007ffbed8f0000 - 0x00007ffbed8fc000 	C:\Program Files\Java\jdk-20\bin\vcruntime140_1.dll
0x00007ffbde870000 - 0x00007ffbde8fe000 	C:\Program Files\Java\jdk-20\bin\msvcp140.dll
0x00007ffbb02b0000 - 0x00007ffbb0f48000 	C:\Program Files\Java\jdk-20\bin\server\jvm.dll
0x00007ffbdbf00000 - 0x00007ffbdbf09000 	C:\WINDOWS\SYSTEM32\WSOCK32.dll
0x00007ffbeb570000 - 0x00007ffbeb5a4000 	C:\WINDOWS\SYSTEM32\WINMM.dll
0x00007ffbf3510000 - 0x00007ffbf3581000 	C:\WINDOWS\System32\WS2_32.dll
0x00007ffbf0cb0000 - 0x00007ffbf0cc8000 	C:\WINDOWS\SYSTEM32\kernel.appcore.dll
0x00007ffbed8e0000 - 0x00007ffbed8ea000 	C:\Program Files\Java\jdk-20\bin\jimage.dll
0x00007ffbe5d50000 - 0x00007ffbe5f83000 	C:\WINDOWS\SYSTEM32\DBGHELP.DLL
0x00007ffbf2670000 - 0x00007ffbf29f9000 	C:\WINDOWS\System32\combase.dll
0x00007ffbf2a00000 - 0x00007ffbf2ad7000 	C:\WINDOWS\System32\OLEAUT32.dll
0x00007ffbdbbc0000 - 0x00007ffbdbbf2000 	C:\WINDOWS\SYSTEM32\dbgcore.DLL
0x00007ffbf1d30000 - 0x00007ffbf1daa000 	C:\WINDOWS\System32\bcryptPrimitives.dll
0x00007ffbed8d0000 - 0x00007ffbed8de000 	C:\Program Files\Java\jdk-20\bin\instrument.dll
0x00007ffbe0620000 - 0x00007ffbe0646000 	C:\Program Files\Java\jdk-20\bin\java.dll

dbghelp: loaded successfully - version: 4.0.5 - missing functions: none
symbol engine: initialized successfully - sym options: 0x614 - pdb path: .;C:\Program Files\Java\jdk-20\bin;C:\WINDOWS\SYSTEM32;C:\WINDOWS\WinSxS\amd64_microsoft.windows.common-controls_6595b64144ccf1df_6.0.22621.2483_none_2714a1b573815e84;C:\Program Files\Java\jdk-20\bin\server

VM Arguments:
jvm_args: -javaagent:C:\Program Files\JetBrains\IntelliJ IDEA Community Edition 2023.2.1\lib\idea_rt.jar=50468:C:\Program Files\JetBrains\IntelliJ IDEA Community Edition 2023.2.1\bin -Dfile.encoding=UTF-8 -Dsun.stdout.encoding=UTF-8 -Dsun.stderr.encoding=UTF-8 
java_command: H10_work_01
java_class_path (initial): C:\Users\invis\IdeaProjects\Arrays\out\production\Arrays
Launcher Type: SUN_STANDARD

[Global flags]
     intx CICompilerCount                          = 12                                        {product} {ergonomic}
     uint ConcGCThreads                            = 3                                         {product} {ergonomic}
     uint G1ConcRefinementThreads                  = 13                                        {product} {ergonomic}
   size_t G1HeapRegionSize                         = 1048576                                   {product} {ergonomic}
    uintx GCDrainStackTargetSize                   = 64                                        {product} {ergonomic}
   size_t InitialHeapSize                          = 125829120                                 {product} {ergonomic}
   size_t MarkStackSize                            = 4194304                                   {product} {ergonomic}
   size_t MaxHeapSize                              = 1983905792                                {product} {ergonomic}
   size_t MinHeapDeltaBytes                        = 1048576                                   {product} {ergonomic}
   size_t MinHeapSize                              = 8388608                                   {product} {ergonomic}
    uintx NonNMethodCodeHeapSize                   = 7602480                                {pd product} {ergonomic}
    uintx NonProfiledCodeHeapSize                  = 122027880                              {pd product} {ergonomic}
    uintx ProfiledCodeHeapSize                     = 122027880                              {pd product} {ergonomic}
    uintx ReservedCodeCacheSize                    = 251658240                              {pd product} {ergonomic}
     bool SegmentedCodeCache                       = true                                      {product} {ergonomic}
   size_t SoftMaxHeapSize                          = 1983905792                             {manageable} {ergonomic}
     bool UseCompressedClassPointers               = true                           {product lp64_product} {ergonomic}
     bool UseCompressedOops                        = true                           {product lp64_product} {ergonomic}
     bool UseG1GC                                  = true                                      {product} {ergonomic}
     bool UseLargePagesIndividualAllocation        = false                                  {pd product} {ergonomic}

Logging:
Log output configuration:
 #0: stdout all=warning uptime,level,tags foldmultilines=false
 #1: stderr all=off uptime,level,tags foldmultilines=false

Environment Variables:
JAVA_HOME=C:\Program Files\Java\jdk-20
PATH=C:\Program Files\Common Files\Oracle\Java\javapath;C:\WINDOWS\system32;C:\WINDOWS;C:\WINDOWS\System32\Wbem;C:\WINDOWS\System32\WindowsPowerShell\v1.0\;C:\WINDOWS\System32\OpenSSH\;C:\Program Files\Java\jdk-20\bin;C:\Program Files\Common Files\Oracle\Java\javapath;C:\MinGW\bin;C:\Program Files\Git\cmd;C:\Users\invis\AppData\Local\Microsoft\WindowsApps;;C:\Users\invis\AppData\Local\Programs\Microsoft VS Code\bin;C:\Program Files\JetBrains\PyCharm Community Edition 2023.2.1\bin;;C:\Program Files\JetBrains\IntelliJ IDEA Community Edition 2023.2.1\bin;
USERNAME=abubakaristiak
OS=Windows_NT
PROCESSOR_IDENTIFIER=AMD64 Family 23 Model 104 Stepping 1, AuthenticAMD
TMP=C:\Users\invis\AppData\Local\Temp
TEMP=C:\Users\invis\AppData\Local\Temp




---------------  S Y S T E M  ---------------

OS:
 Windows 11 , 64 bit Build 22621 (10.0.22621.2483)
OS uptime: 0 days 0:57 hours
Hyper-V role detected

CPU: total 16 (initial active 16) (16 cores per cpu, 2 threads per core) family 23 model 104 stepping 1 microcode 0x0, cx8, cmov, fxsr, ht, mmx, 3dnowpref, sse, sse2, sse3, ssse3, sse4a, sse4.1, sse4.2, popcnt, lzcnt, tsc, tscinvbit, avx, avx2, aes, clmul, bmi1, bmi2, adx, sha, fma, vzeroupper, clflush, clflushopt, hv, rdtscp, rdpid, f16c

Memory: 4k page, system-wide physical 7561M (1349M free)
TotalPageFile size 7561M (AvailPageFile size 62M)
current process WorkingSet (physical memory assigned to process): 11M, peak: 11M
current process commit charge ("private bytes"): 70M, peak: 190M

vm_info: Java HotSpot(TM) 64-Bit Server VM (20.0.2+9-78) for windows-amd64 JRE (20.0.2+9-78), built on 2023-06-14T10:08:48Z by "mach5one" with MS VC++ 17.1 (VS2022)

END.
